{"uuid":"b4cc8aed-6cee-4e9c-b28f-602f0ee6e531","historyId":"534cd6ee6a73fae95bfe05d5bc4667e8","fullName":"Array: The user is able to submit code in tryEditor for Squares of a Sorted Array","labels":[{"name":"tag","value":"arrays"},{"name":"host","value":"LAPTOP-S7F1L181"},{"name":"thread","value":"10368@LAPTOP-S7F1L181.main(1)"},{"name":"feature","value":"Array"},{"name":"story","value":"The user is able to submit code in tryEditor for Squares of a Sorted Array"},{"name":"suite","value":"Array"},{"name":"testClass","value":"The user is able to submit code in tryEditor for Squares of a Sorted Array"},{"name":"framework","value":"cucumber4jvm"},{"name":"language","value":"java"},{"name":"gherkin_uri","value":"file:///C:/Users/xunee/eclipse-workspace-2022/DS-ALGO-/src/test/resources/features/5arrays.feature"},{"name":"package","value":"src.test.resources.features.5arrays_feature.Array"}],"links":[],"name":"The user is able to submit code in tryEditor for Squares of a Sorted Array","status":"failed","statusDetails":{"known":false,"muted":false,"flaky":false,"message":"Result do not match expected [submission success] but found [ No tests were collected]","trace":"java.lang.AssertionError: Result do not match expected [submission success] but found [ No tests were collected]\r\n\tat org.testng.Assert.fail(Assert.java:110)\r\n\tat org.testng.Assert.failNotEquals(Assert.java:1413)\r\n\tat org.testng.Assert.assertEqualsImpl(Assert.java:149)\r\n\tat org.testng.Assert.assertEquals(Assert.java:131)\r\n\tat org.testng.Assert.assertEquals(Assert.java:655)\r\n\tat com.stepDefinations.ArraysStepDef.the_user_should_be_presented_with_successful_submission_message(ArraysStepDef.java:160)\r\n\tat ✽.The user should be presented with successful submission message(file:///C:/Users/xunee/eclipse-workspace-2022/DS-ALGO-/src/test/resources/features/5arrays.feature:170)\r\n"},"stage":"finished","steps":[{"name":"Given  The user is on \"Question\" page of \"Squares of a Sorted Array\" after logged in","status":"passed","statusDetails":{"known":false,"muted":false,"flaky":false},"stage":"finished","steps":[],"attachments":[],"parameters":[],"start":1673371472018,"stop":1673371472321},{"name":"When  The user enter valid python code in tryEditor from sheet \"pythonCode\" and 9 for the question","status":"passed","statusDetails":{"known":false,"muted":false,"flaky":false},"stage":"finished","steps":[],"attachments":[],"parameters":[],"start":1673371472322,"stop":1673371473633},{"name":"And  The user clicks on Submit button","status":"passed","statusDetails":{"known":false,"muted":false,"flaky":false},"stage":"finished","steps":[],"attachments":[],"parameters":[],"start":1673371473633,"stop":1673371473685},{"name":"Then  The user should be presented with successful submission message","status":"failed","statusDetails":{"known":false,"muted":false,"flaky":false,"message":"Result do not match expected [submission success] but found [ No tests were collected]","trace":"java.lang.AssertionError: Result do not match expected [submission success] but found [ No tests were collected]\r\n\tat org.testng.Assert.fail(Assert.java:110)\r\n\tat org.testng.Assert.failNotEquals(Assert.java:1413)\r\n\tat org.testng.Assert.assertEqualsImpl(Assert.java:149)\r\n\tat org.testng.Assert.assertEquals(Assert.java:131)\r\n\tat org.testng.Assert.assertEquals(Assert.java:655)\r\n\tat com.stepDefinations.ArraysStepDef.the_user_should_be_presented_with_successful_submission_message(ArraysStepDef.java:160)\r\n\tat ✽.The user should be presented with successful submission message(file:///C:/Users/xunee/eclipse-workspace-2022/DS-ALGO-/src/test/resources/features/5arrays.feature:170)\r\n"},"stage":"finished","steps":[],"attachments":[],"parameters":[],"start":1673371473686,"stop":1673371474257}],"attachments":[],"parameters":[{"name":"Sheetname","value":"pythonCode"},{"name":"RowNumber","value":"9"}],"start":1673371472017,"stop":1673371474565}