<?xml version="1.0" encoding="UTF-8"?>
<testng-results ignored="0" total="46" passed="38" failed="8" skipped="0">
  <reporter-output>
  </reporter-output>
  <suite started-at="2023-01-05T16:56:30 EST" name="Default suite" finished-at="2023-01-05T16:58:40 EST" duration-ms="130261">
    <groups>
      <group name="cucumber">
        <method signature="AbstractTestNGCucumberTests.runScenario(io.cucumber.testng.PickleWrapper,io.cucumber.testng.FeatureWrapper)[pri:0, instance:com.runner.Runner@7a8c8dcf]" name="runScenario" class="io.cucumber.testng.AbstractTestNGCucumberTests"/>
      </group> <!-- cucumber -->
    </groups>
    <test started-at="2023-01-05T16:56:30 EST" name="Default test" finished-at="2023-01-05T16:58:40 EST" duration-ms="130261">
      <class name="com.runner.Runner">
        <test-method is-config="true" signature="setUpClass(org.testng.ITestContext)[pri:0, instance:com.runner.Runner@7a8c8dcf]" started-at="2023-01-05T16:56:30 EST" name="setUpClass" finished-at="2023-01-05T16:56:31 EST" duration-ms="982" status="PASS">
          <params>
            <param index="0">
              <value>
                <![CDATA[org.testng.TestRunner@72d1a87a]]>
              </value>
            </param>
          </params>
          <reporter-output>
          </reporter-output>
        </test-method> <!-- setUpClass -->
        <test-method signature="runScenario(io.cucumber.testng.PickleWrapper,io.cucumber.testng.FeatureWrapper)[pri:0, instance:com.runner.Runner@7a8c8dcf]" started-at="2023-01-05T16:56:31 EST" name="runScenario" description="Runs Cucumber Scenarios" data-provider="scenarios" finished-at="2023-01-05T16:56:42 EST" duration-ms="11165" status="PASS">
          <params>
            <param index="0">
              <value>
                <![CDATA["validation of Start Page"]]>
              </value>
            </param>
            <param index="1">
              <value>
                <![CDATA["Optional[Start page]"]]>
              </value>
            </param>
          </params>
          <reporter-output>
          </reporter-output>
        </test-method> <!-- runScenario -->
        <test-method signature="runScenario(io.cucumber.testng.PickleWrapper,io.cucumber.testng.FeatureWrapper)[pri:0, instance:com.runner.Runner@7a8c8dcf]" started-at="2023-01-05T16:56:42 EST" name="runScenario" description="Runs Cucumber Scenarios" data-provider="scenarios" finished-at="2023-01-05T16:56:49 EST" duration-ms="7129" status="PASS">
          <params>
            <param index="0">
              <value>
                <![CDATA["Register validation with valid inputs"]]>
              </value>
            </param>
            <param index="1">
              <value>
                <![CDATA["Optional[Register]"]]>
              </value>
            </param>
          </params>
          <reporter-output>
          </reporter-output>
        </test-method> <!-- runScenario -->
        <test-method signature="runScenario(io.cucumber.testng.PickleWrapper,io.cucumber.testng.FeatureWrapper)[pri:0, instance:com.runner.Runner@7a8c8dcf]" started-at="2023-01-05T16:56:49 EST" name="runScenario" description="Runs Cucumber Scenarios" data-provider="scenarios" finished-at="2023-01-05T16:56:56 EST" duration-ms="6867" status="PASS">
          <params>
            <param index="0">
              <value>
                <![CDATA["Register validation with valid inputs"]]>
              </value>
            </param>
            <param index="1">
              <value>
                <![CDATA["Optional[Register]"]]>
              </value>
            </param>
          </params>
          <reporter-output>
          </reporter-output>
        </test-method> <!-- runScenario -->
        <test-method signature="runScenario(io.cucumber.testng.PickleWrapper,io.cucumber.testng.FeatureWrapper)[pri:0, instance:com.runner.Runner@7a8c8dcf]" started-at="2023-01-05T16:56:56 EST" name="runScenario" description="Runs Cucumber Scenarios" data-provider="scenarios" finished-at="2023-01-05T16:56:59 EST" duration-ms="3691" status="PASS">
          <params>
            <param index="0">
              <value>
                <![CDATA["Register validation with invalid inputs"]]>
              </value>
            </param>
            <param index="1">
              <value>
                <![CDATA["Optional[Register]"]]>
              </value>
            </param>
          </params>
          <reporter-output>
          </reporter-output>
        </test-method> <!-- runScenario -->
        <test-method signature="runScenario(io.cucumber.testng.PickleWrapper,io.cucumber.testng.FeatureWrapper)[pri:0, instance:com.runner.Runner@7a8c8dcf]" started-at="2023-01-05T16:56:59 EST" name="runScenario" description="Runs Cucumber Scenarios" data-provider="scenarios" finished-at="2023-01-05T16:57:03 EST" duration-ms="3864" status="PASS">
          <params>
            <param index="0">
              <value>
                <![CDATA["Register validation with invalid inputs/blank fields"]]>
              </value>
            </param>
            <param index="1">
              <value>
                <![CDATA["Optional[Register]"]]>
              </value>
            </param>
          </params>
          <reporter-output>
          </reporter-output>
        </test-method> <!-- runScenario -->
        <test-method signature="runScenario(io.cucumber.testng.PickleWrapper,io.cucumber.testng.FeatureWrapper)[pri:0, instance:com.runner.Runner@7a8c8dcf]" started-at="2023-01-05T16:57:03 EST" name="runScenario" description="Runs Cucumber Scenarios" data-provider="scenarios" finished-at="2023-01-05T16:57:07 EST" duration-ms="3961" status="PASS">
          <params>
            <param index="0">
              <value>
                <![CDATA["Register validation with invalid inputs/blank fields"]]>
              </value>
            </param>
            <param index="1">
              <value>
                <![CDATA["Optional[Register]"]]>
              </value>
            </param>
          </params>
          <reporter-output>
          </reporter-output>
        </test-method> <!-- runScenario -->
        <test-method signature="runScenario(io.cucumber.testng.PickleWrapper,io.cucumber.testng.FeatureWrapper)[pri:0, instance:com.runner.Runner@7a8c8dcf]" started-at="2023-01-05T16:57:07 EST" name="runScenario" description="Runs Cucumber Scenarios" data-provider="scenarios" finished-at="2023-01-05T16:57:11 EST" duration-ms="4016" status="PASS">
          <params>
            <param index="0">
              <value>
                <![CDATA["Register validation with invalid inputs/blank fields"]]>
              </value>
            </param>
            <param index="1">
              <value>
                <![CDATA["Optional[Register]"]]>
              </value>
            </param>
          </params>
          <reporter-output>
          </reporter-output>
        </test-method> <!-- runScenario -->
        <test-method signature="runScenario(io.cucumber.testng.PickleWrapper,io.cucumber.testng.FeatureWrapper)[pri:0, instance:com.runner.Runner@7a8c8dcf]" started-at="2023-01-05T16:57:11 EST" name="runScenario" description="Runs Cucumber Scenarios" data-provider="scenarios" finished-at="2023-01-05T16:57:15 EST" duration-ms="3876" status="PASS">
          <params>
            <param index="0">
              <value>
                <![CDATA["Register validation with invalid inputs/blank fields"]]>
              </value>
            </param>
            <param index="1">
              <value>
                <![CDATA["Optional[Register]"]]>
              </value>
            </param>
          </params>
          <reporter-output>
          </reporter-output>
        </test-method> <!-- runScenario -->
        <test-method signature="runScenario(io.cucumber.testng.PickleWrapper,io.cucumber.testng.FeatureWrapper)[pri:0, instance:com.runner.Runner@7a8c8dcf]" started-at="2023-01-05T16:57:15 EST" name="runScenario" description="Runs Cucumber Scenarios" data-provider="scenarios" finished-at="2023-01-05T16:57:19 EST" duration-ms="3724" status="PASS">
          <params>
            <param index="0">
              <value>
                <![CDATA["Register validation with invalid inputs/blank fields"]]>
              </value>
            </param>
            <param index="1">
              <value>
                <![CDATA["Optional[Register]"]]>
              </value>
            </param>
          </params>
          <reporter-output>
          </reporter-output>
        </test-method> <!-- runScenario -->
        <test-method signature="runScenario(io.cucumber.testng.PickleWrapper,io.cucumber.testng.FeatureWrapper)[pri:0, instance:com.runner.Runner@7a8c8dcf]" started-at="2023-01-05T16:57:19 EST" name="runScenario" description="Runs Cucumber Scenarios" data-provider="scenarios" finished-at="2023-01-05T16:57:23 EST" duration-ms="4279" status="PASS">
          <params>
            <param index="0">
              <value>
                <![CDATA["Register validation with invalid inputs/ password mismatch"]]>
              </value>
            </param>
            <param index="1">
              <value>
                <![CDATA["Optional[Register]"]]>
              </value>
            </param>
          </params>
          <reporter-output>
          </reporter-output>
        </test-method> <!-- runScenario -->
        <test-method signature="runScenario(io.cucumber.testng.PickleWrapper,io.cucumber.testng.FeatureWrapper)[pri:0, instance:com.runner.Runner@7a8c8dcf]" started-at="2023-01-05T16:57:23 EST" name="runScenario" description="Runs Cucumber Scenarios" data-provider="scenarios" finished-at="2023-01-05T16:57:28 EST" duration-ms="4764" status="FAIL">
          <params>
            <param index="0">
              <value>
                <![CDATA["Register validation with invalid inputs/ password format less than eight characters"]]>
              </value>
            </param>
            <param index="1">
              <value>
                <![CDATA["Optional[Register]"]]>
              </value>
            </param>
          </params>
          <exception class="java.lang.AssertionError">
            <message>
              <![CDATA[expected [password should contain atleast eight characters.] but found [password_mismatch:The two password fields didn’t match.]]]>
            </message>
            <full-stacktrace>
              <![CDATA[java.lang.AssertionError: expected [password should contain atleast eight characters.] but found [password_mismatch:The two password fields didn’t match.]
at org.testng.Assert.fail(Assert.java:110)
at org.testng.Assert.failNotEquals(Assert.java:1413)
at org.testng.Assert.assertEqualsImpl(Assert.java:149)
at org.testng.Assert.assertEquals(Assert.java:131)
at org.testng.Assert.assertEquals(Assert.java:655)
at org.testng.Assert.assertEquals(Assert.java:665)
at com.stepDefinations.RegisterStepDef.user_should_get_password_atleast_eight_char_error_message(RegisterStepDef.java:149)
at ✽.user should get password atleast eight char error message "password should contain atleast eight characters."(file:///C:/Users/vanis/eclipse-numpyninja/DS-ALGO/src/test/resources/features/2register.feature:81)
]]>
            </full-stacktrace>
          </exception> <!-- java.lang.AssertionError -->
          <reporter-output>
          </reporter-output>
        </test-method> <!-- runScenario -->
        <test-method signature="runScenario(io.cucumber.testng.PickleWrapper,io.cucumber.testng.FeatureWrapper)[pri:0, instance:com.runner.Runner@7a8c8dcf]" started-at="2023-01-05T16:57:28 EST" name="runScenario" description="Runs Cucumber Scenarios" data-provider="scenarios" finished-at="2023-01-05T16:57:32 EST" duration-ms="4494" status="FAIL">
          <params>
            <param index="0">
              <value>
                <![CDATA["Register validation with invalid inputs/  password format all numeric"]]>
              </value>
            </param>
            <param index="1">
              <value>
                <![CDATA["Optional[Register]"]]>
              </value>
            </param>
          </params>
          <exception class="java.lang.AssertionError">
            <message>
              <![CDATA[expected [please enter valid password format] but found [password_mismatch:The two password fields didn’t match.]]]>
            </message>
            <full-stacktrace>
              <![CDATA[java.lang.AssertionError: expected [please enter valid password format] but found [password_mismatch:The two password fields didn’t match.]
at org.testng.Assert.fail(Assert.java:110)
at org.testng.Assert.failNotEquals(Assert.java:1413)
at org.testng.Assert.assertEqualsImpl(Assert.java:149)
at org.testng.Assert.assertEquals(Assert.java:131)
at org.testng.Assert.assertEquals(Assert.java:655)
at org.testng.Assert.assertEquals(Assert.java:665)
at com.stepDefinations.RegisterStepDef.user_should_get_enter_valid_input_error_message(RegisterStepDef.java:163)
at ✽.user should get enter valid input error message "please enter valid password format"(file:///C:/Users/vanis/eclipse-numpyninja/DS-ALGO/src/test/resources/features/2register.feature:89)
]]>
            </full-stacktrace>
          </exception> <!-- java.lang.AssertionError -->
          <reporter-output>
          </reporter-output>
        </test-method> <!-- runScenario -->
        <test-method signature="runScenario(io.cucumber.testng.PickleWrapper,io.cucumber.testng.FeatureWrapper)[pri:0, instance:com.runner.Runner@7a8c8dcf]" started-at="2023-01-05T16:57:32 EST" name="runScenario" description="Runs Cucumber Scenarios" data-provider="scenarios" finished-at="2023-01-05T16:57:37 EST" duration-ms="4299" status="FAIL">
          <params>
            <param index="0">
              <value>
                <![CDATA["Register validation with invalid inputs/ similar fields"]]>
              </value>
            </param>
            <param index="1">
              <value>
                <![CDATA["Optional[Register]"]]>
              </value>
            </param>
          </params>
          <exception class="org.openqa.selenium.StaleElementReferenceException">
            <message>
              <![CDATA[stale element reference: element is not attached to the page document
  (Session info: chrome=108.0.5359.125)
For documentation on this error, please visit: https://selenium.dev/exceptions/#stale_element_reference
Build info: version: '4.7.1', revision: 'c6795baf1a3'
System info: os.name: 'Windows 11', os.arch: 'amd64', os.version: '10.0', java.version: '17.0.5'
Driver info: org.openqa.selenium.chrome.ChromeDriver
Command: [4d9cb3415f602aac1af48f638630493f, getElementText {id=7d80c65d-7946-4e81-82b7-e2ba69979a48}]
Capabilities {acceptInsecureCerts: false, browserName: chrome, browserVersion: 108.0.5359.125, chrome: {chromedriverVersion: 108.0.5359.71 (1e0e3868ee06..., userDataDir: C:\Users\vanis\AppData\Loca...}, goog:chromeOptions: {debuggerAddress: localhost:60152}, networkConnectionEnabled: false, pageLoadStrategy: normal, platformName: WINDOWS, proxy: Proxy(), se:cdp: ws://localhost:60152/devtoo..., se:cdpVersion: 108.0.5359.125, setWindowRect: true, strictFileInteractability: false, timeouts: {implicit: 0, pageLoad: 300000, script: 30000}, unhandledPromptBehavior: dismiss and notify, webauthn:extension:credBlob: true, webauthn:extension:largeBlob: true, webauthn:virtualAuthenticators: true}
Element: [[ChromeDriver: chrome on WINDOWS (4d9cb3415f602aac1af48f638630493f)] -> id: id_username]
Session ID: 4d9cb3415f602aac1af48f638630493f]]>
            </message>
            <full-stacktrace>
              <![CDATA[org.openqa.selenium.StaleElementReferenceException: stale element reference: element is not attached to the page document
  (Session info: chrome=108.0.5359.125)
For documentation on this error, please visit: https://selenium.dev/exceptions/#stale_element_reference
Build info: version: '4.7.1', revision: 'c6795baf1a3'
System info: os.name: 'Windows 11', os.arch: 'amd64', os.version: '10.0', java.version: '17.0.5'
Driver info: org.openqa.selenium.chrome.ChromeDriver
Command: [4d9cb3415f602aac1af48f638630493f, getElementText {id=7d80c65d-7946-4e81-82b7-e2ba69979a48}]
Capabilities {acceptInsecureCerts: false, browserName: chrome, browserVersion: 108.0.5359.125, chrome: {chromedriverVersion: 108.0.5359.71 (1e0e3868ee06..., userDataDir: C:\Users\vanis\AppData\Loca...}, goog:chromeOptions: {debuggerAddress: localhost:60152}, networkConnectionEnabled: false, pageLoadStrategy: normal, platformName: WINDOWS, proxy: Proxy(), se:cdp: ws://localhost:60152/devtoo..., se:cdpVersion: 108.0.5359.125, setWindowRect: true, strictFileInteractability: false, timeouts: {implicit: 0, pageLoad: 300000, script: 30000}, unhandledPromptBehavior: dismiss and notify, webauthn:extension:credBlob: true, webauthn:extension:largeBlob: true, webauthn:virtualAuthenticators: true}
Element: [[ChromeDriver: chrome on WINDOWS (4d9cb3415f602aac1af48f638630493f)] -> id: id_username]
Session ID: 4d9cb3415f602aac1af48f638630493f
at java.base/jdk.internal.reflect.NativeConstructorAccessorImpl.newInstance0(Native Method)
at java.base/jdk.internal.reflect.NativeConstructorAccessorImpl.newInstance(NativeConstructorAccessorImpl.java:77)
at java.base/jdk.internal.reflect.DelegatingConstructorAccessorImpl.newInstance(DelegatingConstructorAccessorImpl.java:45)
at java.base/java.lang.reflect.Constructor.newInstanceWithCaller(Constructor.java:499)
at java.base/java.lang.reflect.Constructor.newInstance(Constructor.java:480)
at org.openqa.selenium.remote.codec.w3c.W3CHttpResponseCodec.createException(W3CHttpResponseCodec.java:200)
at org.openqa.selenium.remote.codec.w3c.W3CHttpResponseCodec.decode(W3CHttpResponseCodec.java:133)
at org.openqa.selenium.remote.codec.w3c.W3CHttpResponseCodec.decode(W3CHttpResponseCodec.java:53)
at org.openqa.selenium.remote.HttpCommandExecutor.execute(HttpCommandExecutor.java:184)
at org.openqa.selenium.remote.service.DriverCommandExecutor.invokeExecute(DriverCommandExecutor.java:167)
at org.openqa.selenium.remote.service.DriverCommandExecutor.execute(DriverCommandExecutor.java:142)
at org.openqa.selenium.remote.RemoteWebDriver.execute(RemoteWebDriver.java:551)
at org.openqa.selenium.remote.RemoteWebElement.execute(RemoteWebElement.java:257)
at org.openqa.selenium.remote.RemoteWebElement.getText(RemoteWebElement.java:207)
at java.base/jdk.internal.reflect.NativeMethodAccessorImpl.invoke0(Native Method)
at java.base/jdk.internal.reflect.NativeMethodAccessorImpl.invoke(NativeMethodAccessorImpl.java:77)
at java.base/jdk.internal.reflect.DelegatingMethodAccessorImpl.invoke(DelegatingMethodAccessorImpl.java:43)
at java.base/java.lang.reflect.Method.invoke(Method.java:568)
at org.openqa.selenium.support.pagefactory.internal.LocatingElementHandler.invoke(LocatingElementHandler.java:52)
at jdk.proxy2/jdk.proxy2.$Proxy44.getText(Unknown Source)
at com.pageObjects.RegisterPage.validatecompare(RegisterPage.java:143)
at com.stepDefinations.RegisterStepDef.user_should_get_password_not_similar_to_username_error_message(RegisterStepDef.java:175)
at ✽.user should get password not similar to username error message "password can not be similar as username"(file:///C:/Users/vanis/eclipse-numpyninja/DS-ALGO/src/test/resources/features/2register.feature:98)
]]>
            </full-stacktrace>
          </exception> <!-- org.openqa.selenium.StaleElementReferenceException -->
          <reporter-output>
          </reporter-output>
        </test-method> <!-- runScenario -->
        <test-method signature="runScenario(io.cucumber.testng.PickleWrapper,io.cucumber.testng.FeatureWrapper)[pri:0, instance:com.runner.Runner@7a8c8dcf]" started-at="2023-01-05T16:57:37 EST" name="runScenario" description="Runs Cucumber Scenarios" data-provider="scenarios" finished-at="2023-01-05T16:57:41 EST" duration-ms="3837" status="PASS">
          <params>
            <param index="0">
              <value>
                <![CDATA["signIn validation with valid inputs"]]>
              </value>
            </param>
            <param index="1">
              <value>
                <![CDATA["Optional[Login]"]]>
              </value>
            </param>
          </params>
          <reporter-output>
          </reporter-output>
        </test-method> <!-- runScenario -->
        <test-method signature="runScenario(io.cucumber.testng.PickleWrapper,io.cucumber.testng.FeatureWrapper)[pri:0, instance:com.runner.Runner@7a8c8dcf]" started-at="2023-01-05T16:57:41 EST" name="runScenario" description="Runs Cucumber Scenarios" data-provider="scenarios" finished-at="2023-01-05T16:57:45 EST" duration-ms="3956" status="PASS">
          <params>
            <param index="0">
              <value>
                <![CDATA["signIn validation with valid inputs"]]>
              </value>
            </param>
            <param index="1">
              <value>
                <![CDATA["Optional[Login]"]]>
              </value>
            </param>
          </params>
          <reporter-output>
          </reporter-output>
        </test-method> <!-- runScenario -->
        <test-method signature="runScenario(io.cucumber.testng.PickleWrapper,io.cucumber.testng.FeatureWrapper)[pri:0, instance:com.runner.Runner@7a8c8dcf]" started-at="2023-01-05T16:57:45 EST" name="runScenario" description="Runs Cucumber Scenarios" data-provider="scenarios" finished-at="2023-01-05T16:57:47 EST" duration-ms="2608" status="PASS">
          <params>
            <param index="0">
              <value>
                <![CDATA["signIn validation with inValid inputs"]]>
              </value>
            </param>
            <param index="1">
              <value>
                <![CDATA["Optional[Login]"]]>
              </value>
            </param>
          </params>
          <reporter-output>
          </reporter-output>
        </test-method> <!-- runScenario -->
        <test-method signature="runScenario(io.cucumber.testng.PickleWrapper,io.cucumber.testng.FeatureWrapper)[pri:0, instance:com.runner.Runner@7a8c8dcf]" started-at="2023-01-05T16:57:47 EST" name="runScenario" description="Runs Cucumber Scenarios" data-provider="scenarios" finished-at="2023-01-05T16:57:50 EST" duration-ms="2758" status="PASS">
          <params>
            <param index="0">
              <value>
                <![CDATA["signIn validation with inValid inputs"]]>
              </value>
            </param>
            <param index="1">
              <value>
                <![CDATA["Optional[Login]"]]>
              </value>
            </param>
          </params>
          <reporter-output>
          </reporter-output>
        </test-method> <!-- runScenario -->
        <test-method signature="runScenario(io.cucumber.testng.PickleWrapper,io.cucumber.testng.FeatureWrapper)[pri:0, instance:com.runner.Runner@7a8c8dcf]" started-at="2023-01-05T16:57:50 EST" name="runScenario" description="Runs Cucumber Scenarios" data-provider="scenarios" finished-at="2023-01-05T16:57:53 EST" duration-ms="3279" status="PASS">
          <params>
            <param index="0">
              <value>
                <![CDATA["signIn validation with inValid inputs"]]>
              </value>
            </param>
            <param index="1">
              <value>
                <![CDATA["Optional[Login]"]]>
              </value>
            </param>
          </params>
          <reporter-output>
          </reporter-output>
        </test-method> <!-- runScenario -->
        <test-method signature="runScenario(io.cucumber.testng.PickleWrapper,io.cucumber.testng.FeatureWrapper)[pri:0, instance:com.runner.Runner@7a8c8dcf]" started-at="2023-01-05T16:57:53 EST" name="runScenario" description="Runs Cucumber Scenarios" data-provider="scenarios" finished-at="2023-01-05T16:58:02 EST" duration-ms="8805" status="PASS">
          <params>
            <param index="0">
              <value>
                <![CDATA[""]]>
              </value>
            </param>
            <param index="1">
              <value>
                <![CDATA["Optional[Data Structure Intro]"]]>
              </value>
            </param>
          </params>
          <reporter-output>
          </reporter-output>
        </test-method> <!-- runScenario -->
        <test-method signature="runScenario(io.cucumber.testng.PickleWrapper,io.cucumber.testng.FeatureWrapper)[pri:0, instance:com.runner.Runner@7a8c8dcf]" started-at="2023-01-05T16:58:02 EST" name="runScenario" description="Runs Cucumber Scenarios" data-provider="scenarios" finished-at="2023-01-05T16:58:04 EST" duration-ms="2243" status="PASS">
          <params>
            <param index="0">
              <value>
                <![CDATA["User validate Array Page"]]>
              </value>
            </param>
            <param index="1">
              <value>
                <![CDATA["Optional[Array]"]]>
              </value>
            </param>
          </params>
          <reporter-output>
          </reporter-output>
        </test-method> <!-- runScenario -->
        <test-method signature="runScenario(io.cucumber.testng.PickleWrapper,io.cucumber.testng.FeatureWrapper)[pri:0, instance:com.runner.Runner@7a8c8dcf]" started-at="2023-01-05T16:58:04 EST" name="runScenario" description="Runs Cucumber Scenarios" data-provider="scenarios" finished-at="2023-01-05T16:58:05 EST" duration-ms="955" status="PASS">
          <params>
            <param index="0">
              <value>
                <![CDATA["User validate Arrays using list page"]]>
              </value>
            </param>
            <param index="1">
              <value>
                <![CDATA["Optional[Array]"]]>
              </value>
            </param>
          </params>
          <reporter-output>
          </reporter-output>
        </test-method> <!-- runScenario -->
        <test-method signature="runScenario(io.cucumber.testng.PickleWrapper,io.cucumber.testng.FeatureWrapper)[pri:0, instance:com.runner.Runner@7a8c8dcf]" started-at="2023-01-05T16:58:05 EST" name="runScenario" description="Runs Cucumber Scenarios" data-provider="scenarios" finished-at="2023-01-05T16:58:06 EST" duration-ms="780" status="PASS">
          <params>
            <param index="0">
              <value>
                <![CDATA["User validate Basic Operations in list page"]]>
              </value>
            </param>
            <param index="1">
              <value>
                <![CDATA["Optional[Array]"]]>
              </value>
            </param>
          </params>
          <reporter-output>
          </reporter-output>
        </test-method> <!-- runScenario -->
        <test-method signature="runScenario(io.cucumber.testng.PickleWrapper,io.cucumber.testng.FeatureWrapper)[pri:0, instance:com.runner.Runner@7a8c8dcf]" started-at="2023-01-05T16:58:06 EST" name="runScenario" description="Runs Cucumber Scenarios" data-provider="scenarios" finished-at="2023-01-05T16:58:07 EST" duration-ms="906" status="PASS">
          <params>
            <param index="0">
              <value>
                <![CDATA["User validate Applications of Array page"]]>
              </value>
            </param>
            <param index="1">
              <value>
                <![CDATA["Optional[Array]"]]>
              </value>
            </param>
          </params>
          <reporter-output>
          </reporter-output>
        </test-method> <!-- runScenario -->
        <test-method signature="runScenario(io.cucumber.testng.PickleWrapper,io.cucumber.testng.FeatureWrapper)[pri:0, instance:com.runner.Runner@7a8c8dcf]" started-at="2023-01-05T16:58:07 EST" name="runScenario" description="Runs Cucumber Scenarios" data-provider="scenarios" finished-at="2023-01-05T16:58:09 EST" duration-ms="1957" status="PASS">
          <params>
            <param index="0">
              <value>
                <![CDATA["User validate Search the array page"]]>
              </value>
            </param>
            <param index="1">
              <value>
                <![CDATA["Optional[Array]"]]>
              </value>
            </param>
          </params>
          <reporter-output>
          </reporter-output>
        </test-method> <!-- runScenario -->
        <test-method signature="runScenario(io.cucumber.testng.PickleWrapper,io.cucumber.testng.FeatureWrapper)[pri:0, instance:com.runner.Runner@7a8c8dcf]" started-at="2023-01-05T16:58:09 EST" name="runScenario" description="Runs Cucumber Scenarios" data-provider="scenarios" finished-at="2023-01-05T16:58:10 EST" duration-ms="1391" status="PASS">
          <params>
            <param index="0">
              <value>
                <![CDATA["User validate Max Consecutive Ones page"]]>
              </value>
            </param>
            <param index="1">
              <value>
                <![CDATA["Optional[Array]"]]>
              </value>
            </param>
          </params>
          <reporter-output>
          </reporter-output>
        </test-method> <!-- runScenario -->
        <test-method signature="runScenario(io.cucumber.testng.PickleWrapper,io.cucumber.testng.FeatureWrapper)[pri:0, instance:com.runner.Runner@7a8c8dcf]" started-at="2023-01-05T16:58:10 EST" name="runScenario" description="Runs Cucumber Scenarios" data-provider="scenarios" finished-at="2023-01-05T16:58:11 EST" duration-ms="1120" status="PASS">
          <params>
            <param index="0">
              <value>
                <![CDATA["User validate Even Number page"]]>
              </value>
            </param>
            <param index="1">
              <value>
                <![CDATA["Optional[Array]"]]>
              </value>
            </param>
          </params>
          <reporter-output>
          </reporter-output>
        </test-method> <!-- runScenario -->
        <test-method signature="runScenario(io.cucumber.testng.PickleWrapper,io.cucumber.testng.FeatureWrapper)[pri:0, instance:com.runner.Runner@7a8c8dcf]" started-at="2023-01-05T16:58:11 EST" name="runScenario" description="Runs Cucumber Scenarios" data-provider="scenarios" finished-at="2023-01-05T16:58:13 EST" duration-ms="1377" status="PASS">
          <params>
            <param index="0">
              <value>
                <![CDATA["User validate Sorted Array page"]]>
              </value>
            </param>
            <param index="1">
              <value>
                <![CDATA["Optional[Array]"]]>
              </value>
            </param>
          </params>
          <reporter-output>
          </reporter-output>
        </test-method> <!-- runScenario -->
        <test-method signature="runScenario(io.cucumber.testng.PickleWrapper,io.cucumber.testng.FeatureWrapper)[pri:0, instance:com.runner.Runner@7a8c8dcf]" started-at="2023-01-05T16:58:13 EST" name="runScenario" description="Runs Cucumber Scenarios" data-provider="scenarios" finished-at="2023-01-05T16:58:14 EST" duration-ms="1773" status="FAIL">
          <params>
            <param index="0">
              <value>
                <![CDATA["The user is able to submit code in tryEditor for Search the array link"]]>
              </value>
            </param>
            <param index="1">
              <value>
                <![CDATA["Optional[Array]"]]>
              </value>
            </param>
          </params>
          <exception class="java.lang.AssertionError">
            <message>
              <![CDATA[Result do not match expected [submission success] but found [ Some Tests failed. Please review code]]]>
            </message>
            <full-stacktrace>
              <![CDATA[java.lang.AssertionError: Result do not match expected [submission success] but found [ Some Tests failed. Please review code]
at org.testng.Assert.fail(Assert.java:110)
at org.testng.Assert.failNotEquals(Assert.java:1413)
at org.testng.Assert.assertEqualsImpl(Assert.java:149)
at org.testng.Assert.assertEquals(Assert.java:131)
at org.testng.Assert.assertEquals(Assert.java:655)
at com.stepDefinations.ArraysStepDef.the_user_should_be_presented_with_successful_submission_message(ArraysStepDef.java:160)
at ✽.The user should be presented with successful submission message(file:///C:/Users/vanis/eclipse-numpyninja/DS-ALGO/src/test/resources/features/5arrays.feature:110)
]]>
            </full-stacktrace>
          </exception> <!-- java.lang.AssertionError -->
          <reporter-output>
          </reporter-output>
        </test-method> <!-- runScenario -->
        <test-method signature="runScenario(io.cucumber.testng.PickleWrapper,io.cucumber.testng.FeatureWrapper)[pri:0, instance:com.runner.Runner@7a8c8dcf]" started-at="2023-01-05T16:58:14 EST" name="runScenario" description="Runs Cucumber Scenarios" data-provider="scenarios" finished-at="2023-01-05T16:58:16 EST" duration-ms="1225" status="PASS">
          <params>
            <param index="0">
              <value>
                <![CDATA["User validate Max Consecutive Ones page"]]>
              </value>
            </param>
            <param index="1">
              <value>
                <![CDATA["Optional[Array]"]]>
              </value>
            </param>
          </params>
          <reporter-output>
          </reporter-output>
        </test-method> <!-- runScenario -->
        <test-method signature="runScenario(io.cucumber.testng.PickleWrapper,io.cucumber.testng.FeatureWrapper)[pri:0, instance:com.runner.Runner@7a8c8dcf]" started-at="2023-01-05T16:58:16 EST" name="runScenario" description="Runs Cucumber Scenarios" data-provider="scenarios" finished-at="2023-01-05T16:58:18 EST" duration-ms="2017" status="FAIL">
          <params>
            <param index="0">
              <value>
                <![CDATA["The user is able to submit code in tryEditor for Max Consecutive Ones"]]>
              </value>
            </param>
            <param index="1">
              <value>
                <![CDATA["Optional[Array]"]]>
              </value>
            </param>
          </params>
          <exception class="java.lang.AssertionError">
            <message>
              <![CDATA[Result do not match expected [submission success] but found [ Some Tests failed. Please review code]]]>
            </message>
            <full-stacktrace>
              <![CDATA[java.lang.AssertionError: Result do not match expected [submission success] but found [ Some Tests failed. Please review code]
at org.testng.Assert.fail(Assert.java:110)
at org.testng.Assert.failNotEquals(Assert.java:1413)
at org.testng.Assert.assertEqualsImpl(Assert.java:149)
at org.testng.Assert.assertEquals(Assert.java:131)
at org.testng.Assert.assertEquals(Assert.java:655)
at com.stepDefinations.ArraysStepDef.the_user_should_be_presented_with_successful_submission_message(ArraysStepDef.java:160)
at ✽.The user should be presented with successful submission message(file:///C:/Users/vanis/eclipse-numpyninja/DS-ALGO/src/test/resources/features/5arrays.feature:130)
]]>
            </full-stacktrace>
          </exception> <!-- java.lang.AssertionError -->
          <reporter-output>
          </reporter-output>
        </test-method> <!-- runScenario -->
        <test-method signature="runScenario(io.cucumber.testng.PickleWrapper,io.cucumber.testng.FeatureWrapper)[pri:0, instance:com.runner.Runner@7a8c8dcf]" started-at="2023-01-05T16:58:18 EST" name="runScenario" description="Runs Cucumber Scenarios" data-provider="scenarios" finished-at="2023-01-05T16:58:19 EST" duration-ms="1032" status="PASS">
          <params>
            <param index="0">
              <value>
                <![CDATA["User validate Even Number page"]]>
              </value>
            </param>
            <param index="1">
              <value>
                <![CDATA["Optional[Array]"]]>
              </value>
            </param>
          </params>
          <reporter-output>
          </reporter-output>
        </test-method> <!-- runScenario -->
        <test-method signature="runScenario(io.cucumber.testng.PickleWrapper,io.cucumber.testng.FeatureWrapper)[pri:0, instance:com.runner.Runner@7a8c8dcf]" started-at="2023-01-05T16:58:19 EST" name="runScenario" description="Runs Cucumber Scenarios" data-provider="scenarios" finished-at="2023-01-05T16:58:21 EST" duration-ms="1796" status="FAIL">
          <params>
            <param index="0">
              <value>
                <![CDATA["The user is able to submit code in tryEditor for Find Numbers with Even Number of Digits"]]>
              </value>
            </param>
            <param index="1">
              <value>
                <![CDATA["Optional[Array]"]]>
              </value>
            </param>
          </params>
          <exception class="java.lang.AssertionError">
            <message>
              <![CDATA[Result do not match expected [submission success] but found [Error occurred during submission]]]>
            </message>
            <full-stacktrace>
              <![CDATA[java.lang.AssertionError: Result do not match expected [submission success] but found [Error occurred during submission]
at org.testng.Assert.fail(Assert.java:110)
at org.testng.Assert.failNotEquals(Assert.java:1413)
at org.testng.Assert.assertEqualsImpl(Assert.java:149)
at org.testng.Assert.assertEquals(Assert.java:131)
at org.testng.Assert.assertEquals(Assert.java:655)
at com.stepDefinations.ArraysStepDef.the_user_should_be_presented_with_successful_submission_message(ArraysStepDef.java:160)
at ✽.The user should be presented with successful submission message(file:///C:/Users/vanis/eclipse-numpyninja/DS-ALGO/src/test/resources/features/5arrays.feature:150)
]]>
            </full-stacktrace>
          </exception> <!-- java.lang.AssertionError -->
          <reporter-output>
          </reporter-output>
        </test-method> <!-- runScenario -->
        <test-method signature="runScenario(io.cucumber.testng.PickleWrapper,io.cucumber.testng.FeatureWrapper)[pri:0, instance:com.runner.Runner@7a8c8dcf]" started-at="2023-01-05T16:58:21 EST" name="runScenario" description="Runs Cucumber Scenarios" data-provider="scenarios" finished-at="2023-01-05T16:58:22 EST" duration-ms="1171" status="PASS">
          <params>
            <param index="0">
              <value>
                <![CDATA["User validate Sorted Array page"]]>
              </value>
            </param>
            <param index="1">
              <value>
                <![CDATA["Optional[Array]"]]>
              </value>
            </param>
          </params>
          <reporter-output>
          </reporter-output>
        </test-method> <!-- runScenario -->
        <test-method signature="runScenario(io.cucumber.testng.PickleWrapper,io.cucumber.testng.FeatureWrapper)[pri:0, instance:com.runner.Runner@7a8c8dcf]" started-at="2023-01-05T16:58:22 EST" name="runScenario" description="Runs Cucumber Scenarios" data-provider="scenarios" finished-at="2023-01-05T16:58:24 EST" duration-ms="1956" status="FAIL">
          <params>
            <param index="0">
              <value>
                <![CDATA["The user is able to submit code in tryEditor for Squares of a Sorted Array"]]>
              </value>
            </param>
            <param index="1">
              <value>
                <![CDATA["Optional[Array]"]]>
              </value>
            </param>
          </params>
          <exception class="java.lang.AssertionError">
            <message>
              <![CDATA[Result do not match expected [submission success] but found [ No tests were collected]]]>
            </message>
            <full-stacktrace>
              <![CDATA[java.lang.AssertionError: Result do not match expected [submission success] but found [ No tests were collected]
at org.testng.Assert.fail(Assert.java:110)
at org.testng.Assert.failNotEquals(Assert.java:1413)
at org.testng.Assert.assertEqualsImpl(Assert.java:149)
at org.testng.Assert.assertEquals(Assert.java:131)
at org.testng.Assert.assertEquals(Assert.java:655)
at com.stepDefinations.ArraysStepDef.the_user_should_be_presented_with_successful_submission_message(ArraysStepDef.java:160)
at ✽.The user should be presented with successful submission message(file:///C:/Users/vanis/eclipse-numpyninja/DS-ALGO/src/test/resources/features/5arrays.feature:170)
]]>
            </full-stacktrace>
          </exception> <!-- java.lang.AssertionError -->
          <reporter-output>
          </reporter-output>
        </test-method> <!-- runScenario -->
        <test-method signature="runScenario(io.cucumber.testng.PickleWrapper,io.cucumber.testng.FeatureWrapper)[pri:0, instance:com.runner.Runner@7a8c8dcf]" started-at="2023-01-05T16:58:24 EST" name="runScenario" description="Runs Cucumber Scenarios" data-provider="scenarios" finished-at="2023-01-05T16:58:24 EST" duration-ms="746" status="FAIL">
          <params>
            <param index="0">
              <value>
                <![CDATA["The user is presented with error message for code with invalid syntax in tryEditor for Arrays in Python page"]]>
              </value>
            </param>
            <param index="1">
              <value>
                <![CDATA["Optional[Array]"]]>
              </value>
            </param>
          </params>
          <exception class="java.lang.AssertionError">
            <message>
              <![CDATA[Result do not match expected [NameError: name 'hello' is not defined on line 1] but found [NameError: name 'hellosortedSquares' is not defined on line 9]]]>
            </message>
            <full-stacktrace>
              <![CDATA[java.lang.AssertionError: Result do not match expected [NameError: name 'hello' is not defined on line 1] but found [NameError: name 'hellosortedSquares' is not defined on line 9]
at org.testng.Assert.fail(Assert.java:110)
at org.testng.Assert.failNotEquals(Assert.java:1413)
at org.testng.Assert.assertEqualsImpl(Assert.java:149)
at org.testng.Assert.assertEquals(Assert.java:131)
at org.testng.Assert.assertEquals(Assert.java:655)
at com.stepDefinations.ArraysStepDef.the_user_should_be_presented_with_error_message_as(ArraysStepDef.java:187)
at ✽.The user should be presented with error message as "NameError: name 'hello' is not defined on line 1"(file:///C:/Users/vanis/eclipse-numpyninja/DS-ALGO/src/test/resources/features/5arrays.feature:180)
]]>
            </full-stacktrace>
          </exception> <!-- java.lang.AssertionError -->
          <reporter-output>
          </reporter-output>
        </test-method> <!-- runScenario -->
        <test-method signature="runScenario(io.cucumber.testng.PickleWrapper,io.cucumber.testng.FeatureWrapper)[pri:0, instance:com.runner.Runner@7a8c8dcf]" started-at="2023-01-05T16:58:24 EST" name="runScenario" description="Runs Cucumber Scenarios" data-provider="scenarios" finished-at="2023-01-05T16:58:25 EST" duration-ms="475" status="PASS">
          <params>
            <param index="0">
              <value>
                <![CDATA["The user is presented with error message for code with invalid syntax in tryEditor for Search the array link"]]>
              </value>
            </param>
            <param index="1">
              <value>
                <![CDATA["Optional[Array]"]]>
              </value>
            </param>
          </params>
          <reporter-output>
          </reporter-output>
        </test-method> <!-- runScenario -->
        <test-method signature="runScenario(io.cucumber.testng.PickleWrapper,io.cucumber.testng.FeatureWrapper)[pri:0, instance:com.runner.Runner@7a8c8dcf]" started-at="2023-01-05T16:58:25 EST" name="runScenario" description="Runs Cucumber Scenarios" data-provider="scenarios" finished-at="2023-01-05T16:58:25 EST" duration-ms="463" status="PASS">
          <params>
            <param index="0">
              <value>
                <![CDATA["The user is presented with error message for invalid code in tryEditor for Max Consecutive Ones"]]>
              </value>
            </param>
            <param index="1">
              <value>
                <![CDATA["Optional[Array]"]]>
              </value>
            </param>
          </params>
          <reporter-output>
          </reporter-output>
        </test-method> <!-- runScenario -->
        <test-method signature="runScenario(io.cucumber.testng.PickleWrapper,io.cucumber.testng.FeatureWrapper)[pri:0, instance:com.runner.Runner@7a8c8dcf]" started-at="2023-01-05T16:58:25 EST" name="runScenario" description="Runs Cucumber Scenarios" data-provider="scenarios" finished-at="2023-01-05T16:58:26 EST" duration-ms="584" status="PASS">
          <params>
            <param index="0">
              <value>
                <![CDATA["The user is presented with error message for code with invalid syntax in tryEditor for Find Numbers with Even Number of Digits"]]>
              </value>
            </param>
            <param index="1">
              <value>
                <![CDATA["Optional[Array]"]]>
              </value>
            </param>
          </params>
          <reporter-output>
          </reporter-output>
        </test-method> <!-- runScenario -->
        <test-method signature="runScenario(io.cucumber.testng.PickleWrapper,io.cucumber.testng.FeatureWrapper)[pri:0, instance:com.runner.Runner@7a8c8dcf]" started-at="2023-01-05T16:58:26 EST" name="runScenario" description="Runs Cucumber Scenarios" data-provider="scenarios" finished-at="2023-01-05T16:58:27 EST" duration-ms="600" status="PASS">
          <params>
            <param index="0">
              <value>
                <![CDATA["The user is presented with error message for code with invalid syntax in tryEditor for Squares of a Sorted Array"]]>
              </value>
            </param>
            <param index="1">
              <value>
                <![CDATA["Optional[Array]"]]>
              </value>
            </param>
          </params>
          <reporter-output>
          </reporter-output>
        </test-method> <!-- runScenario -->
        <test-method signature="runScenario(io.cucumber.testng.PickleWrapper,io.cucumber.testng.FeatureWrapper)[pri:0, instance:com.runner.Runner@7a8c8dcf]" started-at="2023-01-05T16:58:27 EST" name="runScenario" description="Runs Cucumber Scenarios" data-provider="scenarios" finished-at="2023-01-05T16:58:29 EST" duration-ms="2110" status="PASS">
          <params>
            <param index="0">
              <value>
                <![CDATA["validating Linked List introduction page"]]>
              </value>
            </param>
            <param index="1">
              <value>
                <![CDATA["Optional[LinkedList]"]]>
              </value>
            </param>
          </params>
          <reporter-output>
          </reporter-output>
        </test-method> <!-- runScenario -->
        <test-method signature="runScenario(io.cucumber.testng.PickleWrapper,io.cucumber.testng.FeatureWrapper)[pri:0, instance:com.runner.Runner@7a8c8dcf]" started-at="2023-01-05T16:58:29 EST" name="runScenario" description="Runs Cucumber Scenarios" data-provider="scenarios" finished-at="2023-01-05T16:58:31 EST" duration-ms="1856" status="PASS">
          <params>
            <param index="0">
              <value>
                <![CDATA["User validate Creating Linked List page"]]>
              </value>
            </param>
            <param index="1">
              <value>
                <![CDATA["Optional[LinkedList]"]]>
              </value>
            </param>
          </params>
          <reporter-output>
          </reporter-output>
        </test-method> <!-- runScenario -->
        <test-method signature="runScenario(io.cucumber.testng.PickleWrapper,io.cucumber.testng.FeatureWrapper)[pri:0, instance:com.runner.Runner@7a8c8dcf]" started-at="2023-01-05T16:58:31 EST" name="runScenario" description="Runs Cucumber Scenarios" data-provider="scenarios" finished-at="2023-01-05T16:58:32 EST" duration-ms="1835" status="PASS">
          <params>
            <param index="0">
              <value>
                <![CDATA["User validate Types of Linked List page"]]>
              </value>
            </param>
            <param index="1">
              <value>
                <![CDATA["Optional[LinkedList]"]]>
              </value>
            </param>
          </params>
          <reporter-output>
          </reporter-output>
        </test-method> <!-- runScenario -->
        <test-method signature="runScenario(io.cucumber.testng.PickleWrapper,io.cucumber.testng.FeatureWrapper)[pri:0, instance:com.runner.Runner@7a8c8dcf]" started-at="2023-01-05T16:58:32 EST" name="runScenario" description="Runs Cucumber Scenarios" data-provider="scenarios" finished-at="2023-01-05T16:58:34 EST" duration-ms="1847" status="PASS">
          <params>
            <param index="0">
              <value>
                <![CDATA["User validate Implement Linked List in Python page"]]>
              </value>
            </param>
            <param index="1">
              <value>
                <![CDATA["Optional[LinkedList]"]]>
              </value>
            </param>
          </params>
          <reporter-output>
          </reporter-output>
        </test-method> <!-- runScenario -->
        <test-method signature="runScenario(io.cucumber.testng.PickleWrapper,io.cucumber.testng.FeatureWrapper)[pri:0, instance:com.runner.Runner@7a8c8dcf]" started-at="2023-01-05T16:58:34 EST" name="runScenario" description="Runs Cucumber Scenarios" data-provider="scenarios" finished-at="2023-01-05T16:58:36 EST" duration-ms="1812" status="PASS">
          <params>
            <param index="0">
              <value>
                <![CDATA["User validate Traversal page"]]>
              </value>
            </param>
            <param index="1">
              <value>
                <![CDATA["Optional[LinkedList]"]]>
              </value>
            </param>
          </params>
          <reporter-output>
          </reporter-output>
        </test-method> <!-- runScenario -->
        <test-method signature="runScenario(io.cucumber.testng.PickleWrapper,io.cucumber.testng.FeatureWrapper)[pri:0, instance:com.runner.Runner@7a8c8dcf]" started-at="2023-01-05T16:58:36 EST" name="runScenario" description="Runs Cucumber Scenarios" data-provider="scenarios" finished-at="2023-01-05T16:58:38 EST" duration-ms="1820" status="PASS">
          <params>
            <param index="0">
              <value>
                <![CDATA["User validate Insertion page"]]>
              </value>
            </param>
            <param index="1">
              <value>
                <![CDATA["Optional[LinkedList]"]]>
              </value>
            </param>
          </params>
          <reporter-output>
          </reporter-output>
        </test-method> <!-- runScenario -->
        <test-method signature="runScenario(io.cucumber.testng.PickleWrapper,io.cucumber.testng.FeatureWrapper)[pri:0, instance:com.runner.Runner@7a8c8dcf]" started-at="2023-01-05T16:58:38 EST" name="runScenario" description="Runs Cucumber Scenarios" data-provider="scenarios" finished-at="2023-01-05T16:58:40 EST" duration-ms="1912" status="PASS">
          <params>
            <param index="0">
              <value>
                <![CDATA["User validate Deletion page"]]>
              </value>
            </param>
            <param index="1">
              <value>
                <![CDATA["Optional[LinkedList]"]]>
              </value>
            </param>
          </params>
          <reporter-output>
          </reporter-output>
        </test-method> <!-- runScenario -->
        <test-method is-config="true" signature="tearDownClass()[pri:0, instance:com.runner.Runner@7a8c8dcf]" started-at="2023-01-05T16:58:40 EST" name="tearDownClass" finished-at="2023-01-05T16:58:40 EST" duration-ms="35" status="PASS">
          <reporter-output>
          </reporter-output>
        </test-method> <!-- tearDownClass -->
      </class> <!-- com.runner.Runner -->
    </test> <!-- Default test -->
  </suite> <!-- Default suite -->
</testng-results>
